<?xml version="1.0" encoding="UTF-8"?>
<!-- Generated by org.testng.reporters.JUnitXMLReporter -->
<testsuite ignored="0" hostname="Oleg" failures="0" tests="4" name="UI Tests" time="62.827" errors="0" timestamp="2025-04-16T07:55:08 EEST">
  <testcase classname="com.example.tests.LoginTest" name="testLogin" time="16.012"/>
  <testcase classname="com.example.tests.LoginTest" name="testLogin" time="15.781"/>
  <testcase classname="com.example.tests.AboutUsTest" name="testAboutUsModal" time="11.263"/>
  <testcase classname="com.example.tests.DropdownTest" name="testDropdownSelections" time="15.747"/>
</testsuite> <!-- UI Tests -->
