<?xml version="1.0" encoding="UTF-8"?>
<testng-results ignored="0" total="1" passed="1" failed="0" skipped="0">
  <reporter-output>
  </reporter-output>
  <suite started-at="2025-04-16T04:47:06 EEST" name="Surefire suite" finished-at="2025-04-16T04:47:11 EEST" duration-ms="5047">
    <groups>
    </groups>
    <test started-at="2025-04-16T04:47:06 EEST" name="Surefire test" finished-at="2025-04-16T04:47:11 EEST" duration-ms="5047">
      <class name="com.example.tests.DropdownTest">
        <test-method is-config="true" signature="setupClass()[pri:0, instance:com.example.tests.DropdownTest@1ed6388a]" started-at="2025-04-16T04:47:06 EEST" name="setupClass" finished-at="2025-04-16T04:47:07 EEST" duration-ms="307" status="PASS">
          <reporter-output>
          </reporter-output>
        </test-method> <!-- setupClass -->
        <test-method is-config="true" signature="beforeClass()[pri:0, instance:com.example.tests.DropdownTest@1ed6388a]" started-at="2025-04-16T04:47:07 EEST" name="beforeClass" finished-at="2025-04-16T04:47:07 EEST" duration-ms="14" status="PASS">
          <reporter-output>
          </reporter-output>
        </test-method> <!-- beforeClass -->
        <test-method is-config="true" signature="setUp()[pri:0, instance:com.example.tests.DropdownTest@1ed6388a]" started-at="2025-04-16T04:47:07 EEST" name="setUp" finished-at="2025-04-16T04:47:08 EEST" duration-ms="1149" status="PASS">
          <reporter-output>
          </reporter-output>
        </test-method> <!-- setUp -->
        <test-method signature="testDropdownSelections()[pri:0, instance:com.example.tests.DropdownTest@1ed6388a]" started-at="2025-04-16T04:47:08 EEST" name="testDropdownSelections" description="Вибір елементів у дропдауні різними способами" finished-at="2025-04-16T04:47:11 EEST" duration-ms="3270" status="PASS">
          <reporter-output>
          </reporter-output>
        </test-method> <!-- testDropdownSelections -->
        <test-method is-config="true" signature="tearDown()[pri:0, instance:com.example.tests.DropdownTest@1ed6388a]" started-at="2025-04-16T04:47:11 EEST" name="tearDown" finished-at="2025-04-16T04:47:11 EEST" duration-ms="205" status="PASS">
          <reporter-output>
          </reporter-output>
        </test-method> <!-- tearDown -->
      </class> <!-- com.example.tests.DropdownTest -->
    </test> <!-- Surefire test -->
  </suite> <!-- Surefire suite -->
</testng-results>
