<?xml version="1.0" encoding="UTF-8"?>
<testsuite xmlns:xsi="http://www.w3.org/2001/XMLSchema-instance" xsi:noNamespaceSchemaLocation="https://maven.apache.org/surefire/maven-surefire-plugin/xsd/surefire-test-report-3.0.xsd" version="3.0" name="TestSuite" time="66.4" tests="6" errors="0" skipped="0" failures="0">
  <properties>
[...]
</properties>
  <testcase name="testCreateUser" classname="com.example.tests.ApiTest" time="1.609">
    <system-out><![CDATA[07:54:02 [main] INFO  com.example.listeners.CustomListener - === Execution started ===
07:54:02 [main] INFO  com.example.listeners.CustomListener - Suite started: DemoBlazeSuite
07:54:02 [main] INFO  com.example.listeners.CustomListener - Test context started: API & Database Tests
07:54:03 [main] INFO  com.example.listeners.CustomListener - Before invocation: com.example.tests.ApiTest.testCreateUser
07:54:04 [main] INFO  com.example.listeners.CustomListener - After invocation: com.example.tests.ApiTest.testCreateUser
]]></system-out>
    <system-err><![CDATA[SLF4J: No SLF4J providers were found.
SLF4J: Defaulting to no-operation (NOP) logger implementation
SLF4J: See https://www.slf4j.org/codes.html#noProviders for further details.
]]></system-err>
  </testcase>
  <testcase name="testOrmSaveAndLoad" classname="com.example.tests.DatabaseTest" time="1.112">
    <system-out><![CDATA[07:54:04 [main] INFO  com.example.listeners.CustomListener - Before invocation: com.example.tests.DatabaseTest.testOrmSaveAndLoad
07:54:04 [main] INFO  org.hibernate.Version - HHH000412: Hibernate ORM core version 5.6.15.Final
07:54:04 [main] INFO  org.hibernate.annotations.common.Version - HCANN000001: Hibernate Commons Annotations {5.1.2.Final}
07:54:05 [main] WARN  org.hibernate.orm.connections.pooling - HHH10001002: Using Hibernate built-in connection pool (not for production use!)
07:54:05 [main] INFO  org.hibernate.orm.connections.pooling - HHH10001005: using driver [org.h2.Driver] at URL [jdbc:h2:mem:testdb;DB_CLOSE_DELAY=-1]
07:54:05 [main] INFO  org.hibernate.orm.connections.pooling - HHH10001001: Connection properties: {}
07:54:05 [main] INFO  org.hibernate.orm.connections.pooling - HHH10001003: Autocommit mode: false
07:54:05 [main] INFO  org.hibernate.engine.jdbc.connections.internal.DriverManagerConnectionProviderImpl - HHH000115: Hibernate connection pool size: 20 (min=1)
07:54:05 [main] INFO  org.hibernate.dialect.Dialect - HHH000400: Using dialect: org.hibernate.dialect.H2Dialect
07:54:05 [main] INFO  org.hibernate.orm.connections.access - HHH10001501: Connection obtained from JdbcConnectionAccess [org.hibernate.engine.jdbc.env.internal.JdbcEnvironmentInitiator$ConnectionProviderJdbcConnectionAccess@76ee7301] for (non-JTA) DDL execution was not in auto-commit mode; the Connection 'local transaction' will be committed and the Connection will be set into auto-commit mode.
07:54:05 [main] INFO  org.hibernate.orm.connections.access - HHH10001501: Connection obtained from JdbcConnectionAccess [org.hibernate.engine.jdbc.env.internal.JdbcEnvironmentInitiator$ConnectionProviderJdbcConnectionAccess@68af8288] for (non-JTA) DDL execution was not in auto-commit mode; the Connection 'local transaction' will be committed and the Connection will be set into auto-commit mode.
07:54:05 [main] INFO  org.hibernate.engine.transaction.jta.platform.internal.JtaPlatformInitiator - HHH000490: Using JtaPlatform implementation: [org.hibernate.engine.transaction.jta.platform.internal.NoJtaPlatform]
07:54:05 [main] INFO  com.example.listeners.CustomListener - After invocation: com.example.tests.DatabaseTest.testOrmSaveAndLoad
]]></system-out>
  </testcase>
  <testcase name="testLogin[user1, pass1](1)" classname="com.example.tests.LoginTest" time="16.01">
    <system-out><![CDATA[07:54:05 [main] INFO  com.example.listeners.CustomListener - Test context started: UI Tests
07:54:05 [main] INFO  com.example.listeners.CustomListener - Before invocation: com.example.tests.LoginTest.setupClass
07:54:05 [main] INFO  com.example.listeners.CustomListener - After invocation: com.example.tests.LoginTest.setupClass
07:54:05 [main] INFO  com.example.listeners.CustomListener - Before invocation: com.example.tests.LoginTest.setup
07:54:07 [main] INFO  com.example.listeners.CustomListener - After invocation: com.example.tests.LoginTest.setup
07:54:07 [main] INFO  com.example.listeners.CustomListener - Before invocation: com.example.tests.LoginTest.initPages
07:54:07 [main] INFO  com.example.listeners.CustomListener - After invocation: com.example.tests.LoginTest.initPages
07:54:07 [main] INFO  com.example.listeners.CustomListener - Before invocation: com.example.tests.LoginTest.testLogin
07:54:23 [main] INFO  com.example.listeners.CustomListener - After invocation: com.example.tests.LoginTest.testLogin
]]></system-out>
    <system-err><![CDATA[Starting ChromeDriver 135.0.7049.95 (de2eb485a1951079e63bdb57ce25544d2dc79c15-refs/branch-heads/7049@{#1836}) on port 21741
Only local connections are allowed.
Please see https://chromedriver.chromium.org/security-considerations for suggestions on keeping ChromeDriver safe.
ChromeDriver was started successfully on port 21741.
квіт. 16, 2025 7:54:06 ДП org.openqa.selenium.devtools.CdpVersionFinder findNearestMatch
WARNING: Unable to find CDP implementation matching 135
квіт. 16, 2025 7:54:06 ДП org.openqa.selenium.chromium.ChromiumDriver lambda$new$3
WARNING: Unable to find version of CDP to use for . You may need to include a dependency on a specific version of the CDP using something similar to `org.seleniumhq.selenium:selenium-devtools-v86:4.9.0` where the version ("v86") matches the version of the chromium-based browser you're using and the version number of the artifact is the same as Selenium's.
]]></system-err>
  </testcase>
  <testcase name="testLogin[user2, pass2](2)" classname="com.example.tests.LoginTest" time="15.785">
    <system-out><![CDATA[07:54:23 [main] INFO  com.example.listeners.CustomListener - Before invocation: com.example.tests.LoginTest.teardown
07:54:23 [main] INFO  com.example.listeners.CustomListener - After invocation: com.example.tests.LoginTest.teardown
07:54:23 [main] INFO  com.example.listeners.CustomListener - Before invocation: com.example.tests.LoginTest.setup
07:54:23 [main] INFO  com.example.listeners.CustomListener - After invocation: com.example.tests.LoginTest.setup
07:54:23 [main] INFO  com.example.listeners.CustomListener - Before invocation: com.example.tests.LoginTest.initPages
07:54:23 [main] INFO  com.example.listeners.CustomListener - After invocation: com.example.tests.LoginTest.initPages
07:54:23 [main] INFO  com.example.listeners.CustomListener - Before invocation: com.example.tests.LoginTest.testLogin
07:54:39 [main] INFO  com.example.listeners.CustomListener - After invocation: com.example.tests.LoginTest.testLogin
]]></system-out>
    <system-err><![CDATA[Starting ChromeDriver 135.0.7049.95 (de2eb485a1951079e63bdb57ce25544d2dc79c15-refs/branch-heads/7049@{#1836}) on port 10874
Only local connections are allowed.
Please see https://chromedriver.chromium.org/security-considerations for suggestions on keeping ChromeDriver safe.
ChromeDriver was started successfully on port 10874.
квіт. 16, 2025 7:54:23 ДП org.openqa.selenium.devtools.CdpVersionFinder findNearestMatch
WARNING: Unable to find CDP implementation matching 135
квіт. 16, 2025 7:54:23 ДП org.openqa.selenium.chromium.ChromiumDriver lambda$new$3
WARNING: Unable to find version of CDP to use for . You may need to include a dependency on a specific version of the CDP using something similar to `org.seleniumhq.selenium:selenium-devtools-v86:4.9.0` where the version ("v86") matches the version of the chromium-based browser you're using and the version number of the artifact is the same as Selenium's.
]]></system-err>
  </testcase>
  <testcase name="testAboutUsModal" classname="com.example.tests.AboutUsTest" time="11.268">
    <system-out><![CDATA[07:54:39 [main] INFO  com.example.listeners.CustomListener - Before invocation: com.example.tests.LoginTest.teardown
07:54:39 [main] INFO  com.example.listeners.CustomListener - After invocation: com.example.tests.LoginTest.teardown
07:54:39 [main] INFO  com.example.listeners.CustomListener - Before invocation: com.example.tests.AboutUsTest.setupClass
07:54:39 [main] INFO  com.example.listeners.CustomListener - After invocation: com.example.tests.AboutUsTest.setupClass
07:54:39 [main] INFO  com.example.listeners.CustomListener - Before invocation: com.example.tests.AboutUsTest.setup
07:54:40 [main] INFO  com.example.listeners.CustomListener - After invocation: com.example.tests.AboutUsTest.setup
07:54:40 [main] INFO  com.example.listeners.CustomListener - Before invocation: com.example.tests.AboutUsTest.initPages
07:54:40 [main] INFO  com.example.listeners.CustomListener - After invocation: com.example.tests.AboutUsTest.initPages
07:54:40 [main] INFO  com.example.listeners.CustomListener - Before invocation: com.example.tests.AboutUsTest.testAboutUsModal
07:54:51 [main] INFO  com.example.listeners.CustomListener - After invocation: com.example.tests.AboutUsTest.testAboutUsModal
]]></system-out>
    <system-err><![CDATA[Starting ChromeDriver 135.0.7049.95 (de2eb485a1951079e63bdb57ce25544d2dc79c15-refs/branch-heads/7049@{#1836}) on port 46881
Only local connections are allowed.
Please see https://chromedriver.chromium.org/security-considerations for suggestions on keeping ChromeDriver safe.
ChromeDriver was started successfully on port 46881.
квіт. 16, 2025 7:54:40 ДП org.openqa.selenium.devtools.CdpVersionFinder findNearestMatch
WARNING: Unable to find CDP implementation matching 135
квіт. 16, 2025 7:54:40 ДП org.openqa.selenium.chromium.ChromiumDriver lambda$new$3
WARNING: Unable to find version of CDP to use for . You may need to include a dependency on a specific version of the CDP using something similar to `org.seleniumhq.selenium:selenium-devtools-v86:4.9.0` where the version ("v86") matches the version of the chromium-based browser you're using and the version number of the artifact is the same as Selenium's.
]]></system-err>
  </testcase>
  <testcase name="testDropdownSelections" classname="com.example.tests.DropdownTest" time="15.745">
    <system-out><![CDATA[07:54:51 [main] INFO  com.example.listeners.CustomListener - Before invocation: com.example.tests.AboutUsTest.teardown
07:54:51 [main] INFO  com.example.listeners.CustomListener - After invocation: com.example.tests.AboutUsTest.teardown
07:54:51 [main] INFO  com.example.listeners.CustomListener - Before invocation: com.example.tests.DropdownTest.setupClass
07:54:51 [main] INFO  com.example.listeners.CustomListener - After invocation: com.example.tests.DropdownTest.setupClass
07:54:51 [main] INFO  com.example.listeners.CustomListener - Before invocation: com.example.tests.DropdownTest.setup
07:54:52 [main] INFO  com.example.listeners.CustomListener - After invocation: com.example.tests.DropdownTest.setup
07:54:52 [main] INFO  com.example.listeners.CustomListener - Before invocation: com.example.tests.DropdownTest.initPage
07:54:52 [main] INFO  com.example.listeners.CustomListener - After invocation: com.example.tests.DropdownTest.initPage
07:54:52 [main] INFO  com.example.listeners.CustomListener - Before invocation: com.example.tests.DropdownTest.testDropdownSelections
07:55:08 [main] INFO  com.example.listeners.CustomListener - After invocation: com.example.tests.DropdownTest.testDropdownSelections
]]></system-out>
    <system-err><![CDATA[Starting ChromeDriver 135.0.7049.95 (de2eb485a1951079e63bdb57ce25544d2dc79c15-refs/branch-heads/7049@{#1836}) on port 17787
Only local connections are allowed.
Please see https://chromedriver.chromium.org/security-considerations for suggestions on keeping ChromeDriver safe.
ChromeDriver was started successfully on port 17787.
квіт. 16, 2025 7:54:52 ДП org.openqa.selenium.devtools.CdpVersionFinder findNearestMatch
WARNING: Unable to find CDP implementation matching 135
квіт. 16, 2025 7:54:52 ДП org.openqa.selenium.chromium.ChromiumDriver lambda$new$3
WARNING: Unable to find version of CDP to use for . You may need to include a dependency on a specific version of the CDP using something similar to `org.seleniumhq.selenium:selenium-devtools-v86:4.9.0` where the version ("v86") matches the version of the chromium-based browser you're using and the version number of the artifact is the same as Selenium's.
]]></system-err>
  </testcase>
</testsuite>