<?xml version="1.0" encoding="UTF-8"?>
<testng-results ignored="0" total="1" passed="1" failed="0" skipped="0">
  <reporter-output>
  </reporter-output>
  <suite started-at="2025-04-16T03:15:13 EEST" name="Surefire suite" finished-at="2025-04-16T03:15:18 EEST" duration-ms="5000">
    <groups>
    </groups>
    <test started-at="2025-04-16T03:15:13 EEST" name="Surefire test" finished-at="2025-04-16T03:15:18 EEST" duration-ms="5000">
      <class name="com.example.tests.DropdownTest">
        <test-method is-config="true" signature="beforeClass()[pri:0, instance:com.example.tests.DropdownTest@36c88a32]" started-at="2025-04-16T03:15:13 EEST" name="beforeClass" finished-at="2025-04-16T03:15:13 EEST" duration-ms="345" status="PASS">
          <reporter-output>
          </reporter-output>
        </test-method> <!-- beforeClass -->
        <test-method is-config="true" signature="setUp()[pri:0, instance:com.example.tests.DropdownTest@36c88a32]" started-at="2025-04-16T03:15:13 EEST" name="setUp" finished-at="2025-04-16T03:15:14 EEST" duration-ms="1135" status="PASS">
          <reporter-output>
          </reporter-output>
        </test-method> <!-- setUp -->
        <test-method signature="testDropdownSelections()[pri:0, instance:com.example.tests.DropdownTest@36c88a32]" started-at="2025-04-16T03:15:14 EEST" name="testDropdownSelections" finished-at="2025-04-16T03:15:18 EEST" duration-ms="3303" status="PASS">
          <reporter-output>
          </reporter-output>
        </test-method> <!-- testDropdownSelections -->
        <test-method is-config="true" signature="tearDown()[pri:0, instance:com.example.tests.DropdownTest@36c88a32]" started-at="2025-04-16T03:15:18 EEST" name="tearDown" finished-at="2025-04-16T03:15:18 EEST" duration-ms="189" status="PASS">
          <reporter-output>
          </reporter-output>
        </test-method> <!-- tearDown -->
      </class> <!-- com.example.tests.DropdownTest -->
    </test> <!-- Surefire test -->
  </suite> <!-- Surefire suite -->
</testng-results>
